11-27-2024 / 02:07:06 AM | [INFO]: Starting Facebook Marketplace scraper...
11-27-2024 / 02:07:06 AM | [INFO]: Launching browser...
11-27-2024 / 02:07:06 AM | [INFO]: Creating new context...
11-27-2024 / 02:07:06 AM | [INFO]: Opening new page...
11-27-2024 / 02:07:07 AM | [INFO]: Navigating to Facebook...
11-27-2024 / 02:07:22 AM | [INFO]: Current listings count: 0
11-27-2024 / 02:07:25 AM | [INFO]: Scraping complete. Total listings: 15
11-27-2024 / 02:14:36 AM | [INFO]: Starting Facebook Marketplace scraper...
11-27-2024 / 02:14:37 AM | [INFO]: Launching browser...
11-27-2024 / 02:14:37 AM | [INFO]: Creating new context...
11-27-2024 / 02:14:37 AM | [INFO]: Opening new page...
11-27-2024 / 02:14:38 AM | [INFO]: Navigating to Facebook...
11-27-2024 / 02:14:50 AM | [INFO]: Current listings count: 0
11-27-2024 / 02:14:53 AM | [INFO]: Scraping complete. Total listings: 15
11-27-2024 / 02:17:48 AM | [INFO]: Starting Facebook Marketplace scraper...
11-27-2024 / 02:17:48 AM | [INFO]: Launching browser...
11-27-2024 / 02:17:49 AM | [INFO]: Creating new context...
11-27-2024 / 02:17:49 AM | [INFO]: Opening new page...
11-27-2024 / 02:17:49 AM | [INFO]: Navigating to Facebook...
11-27-2024 / 02:18:00 AM | [INFO]: Current listings count: 0
11-27-2024 / 02:18:03 AM | [INFO]: Scraping complete. Total listings: 15
11-27-2024 / 02:20:25 AM | [INFO]: Starting Facebook Marketplace scraper...
11-27-2024 / 02:20:25 AM | [INFO]: Launching browser...
11-27-2024 / 02:20:25 AM | [INFO]: Creating new context...
11-27-2024 / 02:20:25 AM | [INFO]: Opening new page...
11-27-2024 / 02:20:26 AM | [INFO]: Navigating to Facebook...
11-27-2024 / 02:20:39 AM | [INFO]: Current listings count: 0
11-27-2024 / 02:20:42 AM | [INFO]: Scraping complete. Total listings: 15
11-27-2024 / 02:22:35 AM | [INFO]: Starting Facebook Marketplace scraper...
11-27-2024 / 02:22:35 AM | [INFO]: Launching browser...
11-27-2024 / 02:22:36 AM | [INFO]: Creating new context...
11-27-2024 / 02:22:36 AM | [INFO]: Opening new page...
11-27-2024 / 02:22:36 AM | [INFO]: Navigating to Facebook...
11-27-2024 / 02:22:50 AM | [INFO]: Current listings count: 0
11-27-2024 / 02:22:52 AM | [INFO]: Scraping complete. Total listings: 15
11-27-2024 / 02:26:16 AM | [INFO]: Starting Facebook Marketplace scraper...
11-27-2024 / 02:26:16 AM | [INFO]: Launching browser...
11-27-2024 / 02:26:17 AM | [INFO]: Creating new context...
11-27-2024 / 02:26:17 AM | [INFO]: Opening new page...
11-27-2024 / 02:26:17 AM | [INFO]: Navigating to Facebook...
11-27-2024 / 02:26:27 AM | [INFO]: Current listings count: 0
11-27-2024 / 02:26:30 AM | [INFO]: Scraping complete. Total listings: 15
11-27-2024 / 02:29:51 AM | [INFO]: Starting Facebook Marketplace scraper...
11-27-2024 / 02:29:51 AM | [INFO]: Launching browser...
11-27-2024 / 02:29:52 AM | [INFO]: Creating new context...
11-27-2024 / 02:29:52 AM | [INFO]: Opening new page...
11-27-2024 / 02:29:52 AM | [INFO]: Navigating to Facebook...
11-27-2024 / 02:29:56 AM | [INFO]: Current listings count: 0
11-27-2024 / 02:30:02 AM | [INFO]: Scraping complete. Total listings: 15
11-27-2024 / 02:30:30 AM | [INFO]: Starting Facebook Marketplace scraper...
11-27-2024 / 02:30:31 AM | [INFO]: Launching browser...
11-27-2024 / 02:30:31 AM | [INFO]: Creating new context...
11-27-2024 / 02:30:31 AM | [INFO]: Opening new page...
11-27-2024 / 02:30:31 AM | [INFO]: Navigating to Facebook...
11-27-2024 / 02:30:43 AM | [INFO]: Current listings count: 0
11-27-2024 / 02:30:45 AM | [INFO]: Scraping complete. Total listings: 15
11-27-2024 / 02:32:15 AM | [INFO]: Starting Facebook Marketplace scraper...
11-27-2024 / 02:32:16 AM | [INFO]: Launching browser...
11-27-2024 / 02:32:16 AM | [INFO]: Creating new context...
11-27-2024 / 02:32:16 AM | [INFO]: Opening new page...
11-27-2024 / 02:32:17 AM | [INFO]: Navigating to Facebook...
11-27-2024 / 02:32:29 AM | [INFO]: Current listings count: 0
11-27-2024 / 02:32:31 AM | [INFO]: Scraping complete. Total listings: 15
11-27-2024 / 02:32:44 AM | [INFO]: Starting Facebook Marketplace scraper...
11-27-2024 / 02:32:44 AM | [INFO]: Launching browser...
11-27-2024 / 02:32:44 AM | [INFO]: Creating new context...
11-27-2024 / 02:32:44 AM | [INFO]: Opening new page...
11-27-2024 / 02:32:45 AM | [INFO]: Navigating to Facebook...
11-27-2024 / 02:32:58 AM | [INFO]: Current listings count: 0
11-27-2024 / 02:33:01 AM | [INFO]: Scraping complete. Total listings: 15
11-27-2024 / 02:34:07 AM | [INFO]: Starting Facebook Marketplace scraper...
11-27-2024 / 02:34:07 AM | [INFO]: Launching browser...
11-27-2024 / 02:34:07 AM | [INFO]: Creating new context...
11-27-2024 / 02:34:07 AM | [INFO]: Opening new page...
11-27-2024 / 02:34:08 AM | [INFO]: Navigating to Facebook...
11-27-2024 / 02:34:21 AM | [INFO]: Current listings count: 0
11-27-2024 / 02:34:24 AM | [INFO]: Scraping complete. Total listings: 15
11-27-2024 / 02:35:28 AM | [INFO]: Starting Facebook Marketplace scraper...
11-27-2024 / 02:35:28 AM | [INFO]: Launching browser...
11-27-2024 / 02:35:28 AM | [INFO]: Creating new context...
11-27-2024 / 02:35:28 AM | [INFO]: Opening new page...
11-27-2024 / 02:35:29 AM | [INFO]: Navigating to Facebook...
11-27-2024 / 02:35:40 AM | [INFO]: Current listings count: 0
11-27-2024 / 02:35:42 AM | [INFO]: Scraping complete. Total listings: 15
11-27-2024 / 02:40:49 AM | [INFO]: Starting Facebook Marketplace scraper...
11-27-2024 / 02:40:49 AM | [INFO]: Launching browser...
11-27-2024 / 02:40:50 AM | [INFO]: Creating new context...
11-27-2024 / 02:40:50 AM | [INFO]: Opening new page...
11-27-2024 / 02:40:50 AM | [INFO]: Navigating to Facebook...
11-27-2024 / 02:41:03 AM | [INFO]: Current listings count: 0
11-27-2024 / 02:41:06 AM | [INFO]: Scraping complete. Total listings: 15
11-27-2024 / 02:41:30 AM | [INFO]: Starting Facebook Marketplace scraper...
11-27-2024 / 02:41:30 AM | [INFO]: Launching browser...
11-27-2024 / 02:41:30 AM | [INFO]: Creating new context...
11-27-2024 / 02:41:30 AM | [INFO]: Opening new page...
11-27-2024 / 02:41:31 AM | [INFO]: Navigating to Facebook...
11-27-2024 / 02:41:43 AM | [INFO]: Current listings count: 0
11-27-2024 / 02:41:46 AM | [INFO]: Scraping complete. Total listings: 15
11-27-2024 / 02:43:44 AM | [INFO]: Starting Facebook Marketplace scraper...
11-27-2024 / 02:43:44 AM | [INFO]: Launching browser...
11-27-2024 / 02:43:45 AM | [INFO]: Creating new context...
11-27-2024 / 02:43:45 AM | [INFO]: Opening new page...
11-27-2024 / 02:43:45 AM | [INFO]: Navigating to Facebook...
11-27-2024 / 02:43:56 AM | [INFO]: Current listings count: 0
11-27-2024 / 02:43:58 AM | [INFO]: Scraping complete. Total listings: 15
